[2025-Dec-20 20:19:49.362 -03:00][ 1837: 1837][info ] Logging initialized
[2025-Dec-20 20:19:49.362 -03:00][ 1837: 1837][info ] Initializing krisp SDK...
[2025-Dec-20 20:19:49.362 -03:00][ 1837: 1837][info ] DoKrispInitialize
[2025-Dec-20 20:19:49.668 -03:00][ 1837: 1837][info ] LoadDynamicKrisp
[2025-Dec-20 20:19:49.668 -03:00][ 1837: 1837][info ] Did not find KRISP_DYLIB_PATH, skipping dynamic loading
[2025-Dec-20 20:19:49.668 -03:00][ 1837: 1837][info ] Initializing Krisp SDK in PID 1837, addr 0x7fcbbd96cf90
[2025-Dec-20 20:19:49.668 -03:00][ 1837: 1837][info ] Initialized Krisp SDK successfully
[2025-Dec-20 20:19:49.668 -03:00][ 1837: 1837][info ] Krisp SDK initialized
[2025-Dec-20 20:20:20.280 -03:00][ 1837: 1837][info ] Logging initialized
[2025-Dec-20 20:20:20.280 -03:00][ 1837: 1837][info ] Initializing krisp SDK...
[2025-Dec-20 20:20:20.280 -03:00][ 1837: 1837][info ] Krisp SDK initialized
[2025-Dec-20 20:43:00.163 -03:00][23833:23833][info ] Logging initialized
[2025-Dec-20 20:43:00.163 -03:00][23833:23833][info ] Initializing krisp SDK...
[2025-Dec-20 20:43:00.163 -03:00][23833:23833][info ] DoKrispInitialize
[2025-Dec-20 20:43:00.485 -03:00][23833:23833][info ] LoadDynamicKrisp
[2025-Dec-20 20:43:00.485 -03:00][23833:23833][info ] Did not find KRISP_DYLIB_PATH, skipping dynamic loading
[2025-Dec-20 20:43:00.485 -03:00][23833:23833][info ] Initializing Krisp SDK in PID 23833, addr 0x7f7b79cacf90
[2025-Dec-20 20:43:00.485 -03:00][23833:23833][info ] Initialized Krisp SDK successfully
[2025-Dec-20 20:43:00.485 -03:00][23833:23833][info ] Krisp SDK initialized
[2025-Dec-20 20:43:01.720 -03:00][23833:23833][info ] Logging initialized
[2025-Dec-20 20:43:01.720 -03:00][23833:23833][info ] Initializing krisp SDK...
[2025-Dec-20 20:43:01.720 -03:00][23833:23833][info ] Krisp SDK initialized
[2025-Dec-20 21:11:14.095 -03:00][ 4803: 4803][info ] Logging initialized
[2025-Dec-20 21:11:14.095 -03:00][ 4803: 4803][info ] Initializing krisp SDK...
[2025-Dec-20 21:11:14.095 -03:00][ 4803: 4803][info ] DoKrispInitialize
[2025-Dec-20 21:11:14.410 -03:00][ 4803: 4803][info ] LoadDynamicKrisp
[2025-Dec-20 21:11:14.410 -03:00][ 4803: 4803][info ] Did not find KRISP_DYLIB_PATH, skipping dynamic loading
[2025-Dec-20 21:11:14.410 -03:00][ 4803: 4803][info ] Initializing Krisp SDK in PID 4803, addr 0x7f5ea613cf90
[2025-Dec-20 21:11:14.410 -03:00][ 4803: 4803][info ] Initialized Krisp SDK successfully
[2025-Dec-20 21:11:14.410 -03:00][ 4803: 4803][info ] Krisp SDK initialized
[2025-Dec-20 22:28:22.032 -03:00][ 1215: 1215][info ] Logging initialized
[2025-Dec-20 22:28:22.032 -03:00][ 1215: 1215][info ] Initializing krisp SDK...
[2025-Dec-20 22:28:22.032 -03:00][ 1215: 1215][info ] DoKrispInitialize
[2025-Dec-20 22:28:22.344 -03:00][ 1215: 1215][info ] LoadDynamicKrisp
[2025-Dec-20 22:28:22.344 -03:00][ 1215: 1215][info ] Did not find KRISP_DYLIB_PATH, skipping dynamic loading
[2025-Dec-20 22:28:22.344 -03:00][ 1215: 1215][info ] Initializing Krisp SDK in PID 1215, addr 0x7fd92a37cf90
[2025-Dec-20 22:28:22.344 -03:00][ 1215: 1215][info ] Initialized Krisp SDK successfully
[2025-Dec-20 22:28:22.344 -03:00][ 1215: 1215][info ] Krisp SDK initialized
[2025-Dec-20 22:48:37.950 -03:00][ 1215: 1253][info ] KrispNCSetup: sampleRate = 48000, duration = 10
[2025-Dec-20 22:48:37.950 -03:00][ 1215: 1253][info ] Setting Krisp model: full_NC
[2025-Dec-20 22:48:37.986 -03:00][ 1215: 1253][info ] KrispVADSetup: sampleRate = 48000, duration = 10
[2025-Dec-21 04:04:02.053 -03:00][ 1215: 1246][info ] KrispVADReset
[2025-Dec-21 15:46:41.698 -03:00][ 1943: 1943][info ] Logging initialized
[2025-Dec-21 15:46:41.698 -03:00][ 1943: 1943][info ] Initializing krisp SDK...
[2025-Dec-21 15:46:41.698 -03:00][ 1943: 1943][info ] DoKrispInitialize
[2025-Dec-21 15:46:42.015 -03:00][ 1943: 1943][info ] LoadDynamicKrisp
[2025-Dec-21 15:46:42.015 -03:00][ 1943: 1943][info ] Did not find KRISP_DYLIB_PATH, skipping dynamic loading
[2025-Dec-21 15:46:42.015 -03:00][ 1943: 1943][info ] Initializing Krisp SDK in PID 1943, addr 0x7f6f4416cf90
[2025-Dec-21 15:46:42.016 -03:00][ 1943: 1943][info ] Initialized Krisp SDK successfully
[2025-Dec-21 15:46:42.016 -03:00][ 1943: 1943][info ] Krisp SDK initialized
[2025-Dec-21 18:30:25.524 -03:00][31687:31687][info ] Logging initialized
[2025-Dec-21 18:30:25.524 -03:00][31687:31687][info ] Initializing krisp SDK...
[2025-Dec-21 18:30:25.524 -03:00][31687:31687][info ] DoKrispInitialize
[2025-Dec-21 18:30:25.839 -03:00][31687:31687][info ] LoadDynamicKrisp
[2025-Dec-21 18:30:25.839 -03:00][31687:31687][info ] Did not find KRISP_DYLIB_PATH, skipping dynamic loading
[2025-Dec-21 18:30:25.839 -03:00][31687:31687][info ] Initializing Krisp SDK in PID 31687, addr 0x7e736c76cf90
[2025-Dec-21 18:30:25.839 -03:00][31687:31687][info ] Initialized Krisp SDK successfully
[2025-Dec-21 18:30:25.839 -03:00][31687:31687][info ] Krisp SDK initialized
[2025-Dec-21 23:02:47.110 -03:00][ 2415: 2415][info ] Logging initialized
[2025-Dec-21 23:02:47.110 -03:00][ 2415: 2415][info ] Initializing krisp SDK...
[2025-Dec-21 23:02:47.110 -03:00][ 2415: 2415][info ] DoKrispInitialize
[2025-Dec-21 23:02:47.468 -03:00][ 2415: 2415][info ] LoadDynamicKrisp
[2025-Dec-21 23:02:47.468 -03:00][ 2415: 2415][info ] Did not find KRISP_DYLIB_PATH, skipping dynamic loading
[2025-Dec-21 23:02:47.468 -03:00][ 2415: 2415][info ] Initializing Krisp SDK in PID 2415, addr 0x7f7d4bd7cf90
[2025-Dec-21 23:02:47.468 -03:00][ 2415: 2415][info ] Initialized Krisp SDK successfully
[2025-Dec-21 23:02:47.468 -03:00][ 2415: 2415][info ] Krisp SDK initialized
[2025-Dec-22 01:01:57.100 -03:00][ 2415: 2875][info ] KrispNCSetup: sampleRate = 48000, duration = 10
[2025-Dec-22 01:01:57.100 -03:00][ 2415: 2875][info ] Setting Krisp model: full_NC
[2025-Dec-22 01:01:57.136 -03:00][ 2415: 2875][info ] KrispVADSetup: sampleRate = 48000, duration = 10
[2025-Dec-22 10:44:55.156 -03:00][ 2651: 2651][info ] Logging initialized
[2025-Dec-22 10:44:55.156 -03:00][ 2651: 2651][info ] Initializing krisp SDK...
[2025-Dec-22 10:44:55.156 -03:00][ 2651: 2651][info ] DoKrispInitialize
[2025-Dec-22 10:44:55.470 -03:00][ 2651: 2651][info ] LoadDynamicKrisp
[2025-Dec-22 10:44:55.470 -03:00][ 2651: 2651][info ] Did not find KRISP_DYLIB_PATH, skipping dynamic loading
[2025-Dec-22 10:44:55.470 -03:00][ 2651: 2651][info ] Initializing Krisp SDK in PID 2651, addr 0x7f6497e6cf90
[2025-Dec-22 10:44:55.470 -03:00][ 2651: 2651][info ] Initialized Krisp SDK successfully
[2025-Dec-22 10:44:55.470 -03:00][ 2651: 2651][info ] Krisp SDK initialized
[2025-Dec-22 10:50:57.646 -03:00][ 3245: 3245][info ] Logging initialized
[2025-Dec-22 10:50:57.646 -03:00][ 3245: 3245][info ] Initializing krisp SDK...
[2025-Dec-22 10:50:57.646 -03:00][ 3245: 3245][info ] DoKrispInitialize
[2025-Dec-22 10:50:57.965 -03:00][ 3245: 3245][info ] LoadDynamicKrisp
[2025-Dec-22 10:50:57.965 -03:00][ 3245: 3245][info ] Did not find KRISP_DYLIB_PATH, skipping dynamic loading
[2025-Dec-22 10:50:57.965 -03:00][ 3245: 3245][info ] Initializing Krisp SDK in PID 3245, addr 0x7fb60496cf90
[2025-Dec-22 10:50:57.966 -03:00][ 3245: 3245][info ] Initialized Krisp SDK successfully
[2025-Dec-22 10:50:57.966 -03:00][ 3245: 3245][info ] Krisp SDK initialized
[2025-Dec-22 11:44:00.233 -03:00][ 3245: 3518][info ] KrispNCSetup: sampleRate = 48000, duration = 10
[2025-Dec-22 11:44:00.233 -03:00][ 3245: 3518][info ] Setting Krisp model: full_NC
[2025-Dec-22 11:44:00.271 -03:00][ 3245: 3518][info ] KrispVADSetup: sampleRate = 48000, duration = 10
[2025-Dec-22 13:00:23.501 -03:00][ 3245: 3509][info ] KrispVADReset
[2025-Dec-22 20:37:47.366 -03:00][ 2150: 2150][info ] Logging initialized
[2025-Dec-22 20:37:47.366 -03:00][ 2150: 2150][info ] Initializing krisp SDK...
[2025-Dec-22 20:37:47.366 -03:00][ 2150: 2150][info ] DoKrispInitialize
[2025-Dec-22 20:37:47.685 -03:00][ 2150: 2150][info ] LoadDynamicKrisp
[2025-Dec-22 20:37:47.685 -03:00][ 2150: 2150][info ] Did not find KRISP_DYLIB_PATH, skipping dynamic loading
[2025-Dec-22 20:37:47.685 -03:00][ 2150: 2150][info ] Initializing Krisp SDK in PID 2150, addr 0x7f79d806cf90
[2025-Dec-22 20:37:47.686 -03:00][ 2150: 2150][info ] Initialized Krisp SDK successfully
[2025-Dec-22 20:37:47.686 -03:00][ 2150: 2150][info ] Krisp SDK initialized
[2025-Dec-22 23:52:21.205 -03:00][ 2567: 2567][info ] Logging initialized
[2025-Dec-22 23:52:21.205 -03:00][ 2567: 2567][info ] Initializing krisp SDK...
[2025-Dec-22 23:52:21.205 -03:00][ 2567: 2567][info ] DoKrispInitialize
[2025-Dec-22 23:52:21.520 -03:00][ 2567: 2567][info ] LoadDynamicKrisp
[2025-Dec-22 23:52:21.520 -03:00][ 2567: 2567][info ] Did not find KRISP_DYLIB_PATH, skipping dynamic loading
[2025-Dec-22 23:52:21.520 -03:00][ 2567: 2567][info ] Initializing Krisp SDK in PID 2567, addr 0x7f0e3ba6cf90
[2025-Dec-22 23:52:21.521 -03:00][ 2567: 2567][info ] Initialized Krisp SDK successfully
[2025-Dec-22 23:52:21.521 -03:00][ 2567: 2567][info ] Krisp SDK initialized
[2025-Dec-23 00:59:46.226 -03:00][ 2022: 2022][info ] Logging initialized
[2025-Dec-23 00:59:46.226 -03:00][ 2022: 2022][info ] Initializing krisp SDK...
[2025-Dec-23 00:59:46.226 -03:00][ 2022: 2022][info ] DoKrispInitialize
[2025-Dec-23 00:59:46.538 -03:00][ 2022: 2022][info ] LoadDynamicKrisp
[2025-Dec-23 00:59:46.538 -03:00][ 2022: 2022][info ] Did not find KRISP_DYLIB_PATH, skipping dynamic loading
[2025-Dec-23 00:59:46.538 -03:00][ 2022: 2022][info ] Initializing Krisp SDK in PID 2022, addr 0x7fe8cbd6cf90
[2025-Dec-23 00:59:46.538 -03:00][ 2022: 2022][info ] Initialized Krisp SDK successfully
[2025-Dec-23 00:59:46.538 -03:00][ 2022: 2022][info ] Krisp SDK initialized
[2025-Dec-23 09:58:51.218 -03:00][ 2044: 2044][info ] Logging initialized
[2025-Dec-23 09:58:51.218 -03:00][ 2044: 2044][info ] Initializing krisp SDK...
[2025-Dec-23 09:58:51.218 -03:00][ 2044: 2044][info ] DoKrispInitialize
[2025-Dec-23 09:58:51.499 -03:00][ 2044: 2044][info ] LoadDynamicKrisp
[2025-Dec-23 09:58:51.499 -03:00][ 2044: 2044][info ] Did not find KRISP_DYLIB_PATH, skipping dynamic loading
[2025-Dec-23 09:58:51.499 -03:00][ 2044: 2044][info ] Initializing Krisp SDK in PID 2044, addr 0x7f66c096cf90
[2025-Dec-23 09:58:51.500 -03:00][ 2044: 2044][info ] Initialized Krisp SDK successfully
[2025-Dec-23 09:58:51.500 -03:00][ 2044: 2044][info ] Krisp SDK initialized
[2025-Dec-23 12:33:41.788 -03:00][ 2044: 2044][info ] Logging initialized
[2025-Dec-23 12:33:41.788 -03:00][ 2044: 2044][info ] Initializing krisp SDK...
[2025-Dec-23 12:33:41.788 -03:00][ 2044: 2044][info ] DoKrispInitialize
[2025-Dec-23 12:33:42.093 -03:00][ 2044: 2044][info ] LoadDynamicKrisp
[2025-Dec-23 12:33:42.093 -03:00][ 2044: 2044][info ] Did not find KRISP_DYLIB_PATH, skipping dynamic loading
[2025-Dec-23 12:33:42.093 -03:00][ 2044: 2044][info ] Initializing Krisp SDK in PID 2044, addr 0x7f6d4c4acf90
[2025-Dec-23 12:33:42.094 -03:00][ 2044: 2044][info ] Initialized Krisp SDK successfully
[2025-Dec-23 12:33:42.094 -03:00][ 2044: 2044][info ] Krisp SDK initialized
[2025-Dec-23 13:41:39.499 -03:00][ 2099: 2099][info ] Logging initialized
[2025-Dec-23 13:41:39.499 -03:00][ 2099: 2099][info ] Initializing krisp SDK...
[2025-Dec-23 13:41:39.499 -03:00][ 2099: 2099][info ] DoKrispInitialize
[2025-Dec-23 13:41:39.803 -03:00][ 2099: 2099][info ] LoadDynamicKrisp
[2025-Dec-23 13:41:39.803 -03:00][ 2099: 2099][info ] Did not find KRISP_DYLIB_PATH, skipping dynamic loading
[2025-Dec-23 13:41:39.803 -03:00][ 2099: 2099][info ] Initializing Krisp SDK in PID 2099, addr 0x7fcfe2f6cf90
[2025-Dec-23 13:41:39.803 -03:00][ 2099: 2099][info ] Initialized Krisp SDK successfully
[2025-Dec-23 13:41:39.803 -03:00][ 2099: 2099][info ] Krisp SDK initialized
[2025-Dec-23 20:21:45.272 -03:00][ 1783: 1783][info ] Logging initialized
[2025-Dec-23 20:21:45.272 -03:00][ 1783: 1783][info ] Initializing krisp SDK...
[2025-Dec-23 20:21:45.272 -03:00][ 1783: 1783][info ] DoKrispInitialize
[2025-Dec-23 20:21:45.587 -03:00][ 1783: 1783][info ] LoadDynamicKrisp
[2025-Dec-23 20:21:45.587 -03:00][ 1783: 1783][info ] Did not find KRISP_DYLIB_PATH, skipping dynamic loading
[2025-Dec-23 20:21:45.587 -03:00][ 1783: 1783][info ] Initializing Krisp SDK in PID 1783, addr 0x7f75eb03cf90
[2025-Dec-23 20:21:45.588 -03:00][ 1783: 1783][info ] Initialized Krisp SDK successfully
[2025-Dec-23 20:21:45.588 -03:00][ 1783: 1783][info ] Krisp SDK initialized
[2025-Dec-23 20:33:10.766 -03:00][ 1690: 1690][info ] Logging initialized
[2025-Dec-23 20:33:10.766 -03:00][ 1690: 1690][info ] Initializing krisp SDK...
[2025-Dec-23 20:33:10.766 -03:00][ 1690: 1690][info ] DoKrispInitialize
[2025-Dec-23 20:33:11.103 -03:00][ 1690: 1690][info ] LoadDynamicKrisp
[2025-Dec-23 20:33:11.103 -03:00][ 1690: 1690][info ] Did not find KRISP_DYLIB_PATH, skipping dynamic loading
[2025-Dec-23 20:33:11.103 -03:00][ 1690: 1690][info ] Initializing Krisp SDK in PID 1690, addr 0x7fca0b56cf90
[2025-Dec-23 20:33:11.103 -03:00][ 1690: 1690][info ] Initialized Krisp SDK successfully
[2025-Dec-23 20:33:11.103 -03:00][ 1690: 1690][info ] Krisp SDK initialized
[2025-Dec-23 20:56:11.902 -03:00][ 2304: 2304][info ] Logging initialized
[2025-Dec-23 20:56:11.902 -03:00][ 2304: 2304][info ] Initializing krisp SDK...
[2025-Dec-23 20:56:11.902 -03:00][ 2304: 2304][info ] DoKrispInitialize
[2025-Dec-23 20:56:12.179 -03:00][ 2304: 2304][info ] LoadDynamicKrisp
[2025-Dec-23 20:56:12.179 -03:00][ 2304: 2304][info ] Did not find KRISP_DYLIB_PATH, skipping dynamic loading
[2025-Dec-23 20:56:12.179 -03:00][ 2304: 2304][info ] Initializing Krisp SDK in PID 2304, addr 0x7f281516cf90
[2025-Dec-23 20:56:12.179 -03:00][ 2304: 2304][info ] Initialized Krisp SDK successfully
[2025-Dec-23 20:56:12.179 -03:00][ 2304: 2304][info ] Krisp SDK initialized
[2025-Dec-24 11:00:08.103 -03:00][ 2352: 2352][info ] Logging initialized
[2025-Dec-24 11:00:08.103 -03:00][ 2352: 2352][info ] Initializing krisp SDK...
[2025-Dec-24 11:00:08.103 -03:00][ 2352: 2352][info ] DoKrispInitialize
[2025-Dec-24 11:00:08.387 -03:00][ 2352: 2352][info ] LoadDynamicKrisp
[2025-Dec-24 11:00:08.387 -03:00][ 2352: 2352][info ] Did not find KRISP_DYLIB_PATH, skipping dynamic loading
[2025-Dec-24 11:00:08.387 -03:00][ 2352: 2352][info ] Initializing Krisp SDK in PID 2352, addr 0x7f57fef6cf90
[2025-Dec-24 11:00:08.387 -03:00][ 2352: 2352][info ] Initialized Krisp SDK successfully
[2025-Dec-24 11:00:08.387 -03:00][ 2352: 2352][info ] Krisp SDK initialized
[2025-Dec-24 11:31:09.038 -03:00][ 1958: 1958][info ] Logging initialized
[2025-Dec-24 11:31:09.038 -03:00][ 1958: 1958][info ] Initializing krisp SDK...
[2025-Dec-24 11:31:09.038 -03:00][ 1958: 1958][info ] DoKrispInitialize
[2025-Dec-24 11:31:09.347 -03:00][ 1958: 1958][info ] LoadDynamicKrisp
[2025-Dec-24 11:31:09.347 -03:00][ 1958: 1958][info ] Did not find KRISP_DYLIB_PATH, skipping dynamic loading
[2025-Dec-24 11:31:09.347 -03:00][ 1958: 1958][info ] Initializing Krisp SDK in PID 1958, addr 0x7f759a26cf90
[2025-Dec-24 11:31:09.348 -03:00][ 1958: 1958][info ] Initialized Krisp SDK successfully
[2025-Dec-24 11:31:09.348 -03:00][ 1958: 1958][info ] Krisp SDK initialized
[2025-Dec-24 11:42:23.319 -03:00][ 1958: 2446][info ] KrispNCSetup: sampleRate = 48000, duration = 10
[2025-Dec-24 11:42:23.319 -03:00][ 1958: 2446][info ] Setting Krisp model: full_NC
[2025-Dec-24 11:42:23.363 -03:00][ 1958: 2446][info ] KrispVADSetup: sampleRate = 48000, duration = 10
[2025-Dec-24 13:19:28.643 -03:00][ 1958: 2437][info ] KrispVADReset
[2025-Dec-24 13:19:28.670 -03:00][ 1958: 2446][info ] KrispNCReset
[2025-Dec-24 13:19:28.670 -03:00][ 1958: 2446][info ] KrispNCSetup: sampleRate = 8000, duration = 10
[2025-Dec-24 13:19:28.670 -03:00][ 1958: 2446][info ] Setting Krisp model: small_NC_8k
[2025-Dec-24 17:57:01.619 -03:00][ 1921: 1921][info ] Logging initialized
[2025-Dec-24 17:57:01.619 -03:00][ 1921: 1921][info ] Initializing krisp SDK...
[2025-Dec-24 17:57:01.619 -03:00][ 1921: 1921][info ] DoKrispInitialize
[2025-Dec-24 17:57:01.906 -03:00][ 1921: 1921][info ] LoadDynamicKrisp
[2025-Dec-24 17:57:01.906 -03:00][ 1921: 1921][info ] Did not find KRISP_DYLIB_PATH, skipping dynamic loading
[2025-Dec-24 17:57:01.906 -03:00][ 1921: 1921][info ] Initializing Krisp SDK in PID 1921, addr 0x7f758c66cf90
[2025-Dec-24 17:57:01.906 -03:00][ 1921: 1921][info ] Initialized Krisp SDK successfully
[2025-Dec-24 17:57:01.906 -03:00][ 1921: 1921][info ] Krisp SDK initialized
[2025-Dec-24 18:10:45.619 -03:00][ 1913: 1913][info ] Logging initialized
[2025-Dec-24 18:10:45.619 -03:00][ 1913: 1913][info ] Initializing krisp SDK...
[2025-Dec-24 18:10:45.619 -03:00][ 1913: 1913][info ] DoKrispInitialize
[2025-Dec-24 18:10:45.937 -03:00][ 1913: 1913][info ] LoadDynamicKrisp
[2025-Dec-24 18:10:45.937 -03:00][ 1913: 1913][info ] Did not find KRISP_DYLIB_PATH, skipping dynamic loading
[2025-Dec-24 18:10:45.937 -03:00][ 1913: 1913][info ] Initializing Krisp SDK in PID 1913, addr 0x7f825326cf90
[2025-Dec-24 18:10:45.938 -03:00][ 1913: 1913][info ] Initialized Krisp SDK successfully
[2025-Dec-24 18:10:45.938 -03:00][ 1913: 1913][info ] Krisp SDK initialized
[2025-Dec-24 18:40:42.544 -03:00][ 2044: 2044][info ] Logging initialized
[2025-Dec-24 18:40:42.544 -03:00][ 2044: 2044][info ] Initializing krisp SDK...
[2025-Dec-24 18:40:42.544 -03:00][ 2044: 2044][info ] DoKrispInitialize
[2025-Dec-24 18:40:42.831 -03:00][ 2044: 2044][info ] LoadDynamicKrisp
[2025-Dec-24 18:40:42.831 -03:00][ 2044: 2044][info ] Did not find KRISP_DYLIB_PATH, skipping dynamic loading
[2025-Dec-24 18:40:42.831 -03:00][ 2044: 2044][info ] Initializing Krisp SDK in PID 2044, addr 0x7f118bd6cf90
[2025-Dec-24 18:40:42.831 -03:00][ 2044: 2044][info ] Initialized Krisp SDK successfully
[2025-Dec-24 18:40:42.831 -03:00][ 2044: 2044][info ] Krisp SDK initialized
[2025-Dec-24 18:43:54.603 -03:00][ 2060: 2060][info ] Logging initialized
[2025-Dec-24 18:43:54.603 -03:00][ 2060: 2060][info ] Initializing krisp SDK...
[2025-Dec-24 18:43:54.603 -03:00][ 2060: 2060][info ] DoKrispInitialize
[2025-Dec-24 18:43:54.896 -03:00][ 2060: 2060][info ] LoadDynamicKrisp
[2025-Dec-24 18:43:54.896 -03:00][ 2060: 2060][info ] Did not find KRISP_DYLIB_PATH, skipping dynamic loading
[2025-Dec-24 18:43:54.896 -03:00][ 2060: 2060][info ] Initializing Krisp SDK in PID 2060, addr 0x7f3aa046cf90
[2025-Dec-24 18:43:54.897 -03:00][ 2060: 2060][info ] Initialized Krisp SDK successfully
[2025-Dec-24 18:43:54.897 -03:00][ 2060: 2060][info ] Krisp SDK initialized
[2025-Dec-24 18:56:00.672 -03:00][ 2055: 2055][info ] Logging initialized
[2025-Dec-24 18:56:00.672 -03:00][ 2055: 2055][info ] Initializing krisp SDK...
[2025-Dec-24 18:56:00.672 -03:00][ 2055: 2055][info ] DoKrispInitialize
[2025-Dec-24 18:56:00.988 -03:00][ 2055: 2055][info ] LoadDynamicKrisp
[2025-Dec-24 18:56:00.988 -03:00][ 2055: 2055][info ] Did not find KRISP_DYLIB_PATH, skipping dynamic loading
[2025-Dec-24 18:56:00.988 -03:00][ 2055: 2055][info ] Initializing Krisp SDK in PID 2055, addr 0x7f08becacf90
[2025-Dec-24 18:56:00.988 -03:00][ 2055: 2055][info ] Initialized Krisp SDK successfully
[2025-Dec-24 18:56:00.988 -03:00][ 2055: 2055][info ] Krisp SDK initialized
[2025-Dec-24 19:25:27.779 -03:00][ 2027: 2027][info ] Logging initialized
[2025-Dec-24 19:25:27.779 -03:00][ 2027: 2027][info ] Initializing krisp SDK...
[2025-Dec-24 19:25:27.779 -03:00][ 2027: 2027][info ] DoKrispInitialize
[2025-Dec-24 19:25:28.089 -03:00][ 2027: 2027][info ] LoadDynamicKrisp
[2025-Dec-24 19:25:28.089 -03:00][ 2027: 2027][info ] Did not find KRISP_DYLIB_PATH, skipping dynamic loading
[2025-Dec-24 19:25:28.089 -03:00][ 2027: 2027][info ] Initializing Krisp SDK in PID 2027, addr 0x7ff9e7b6cf90
[2025-Dec-24 19:25:28.089 -03:00][ 2027: 2027][info ] Initialized Krisp SDK successfully
[2025-Dec-24 19:25:28.089 -03:00][ 2027: 2027][info ] Krisp SDK initialized
[2025-Dec-24 19:25:59.301 -03:00][ 2027: 2493][info ] KrispNCSetup: sampleRate = 48000, duration = 10
[2025-Dec-24 19:25:59.301 -03:00][ 2027: 2493][info ] Setting Krisp model: full_NC
[2025-Dec-24 19:25:59.343 -03:00][ 2027: 2493][info ] KrispVADSetup: sampleRate = 48000, duration = 10
[2025-Dec-24 19:51:14.037 -03:00][ 2068: 2068][info ] Logging initialized
[2025-Dec-24 19:51:14.037 -03:00][ 2068: 2068][info ] Initializing krisp SDK...
[2025-Dec-24 19:51:14.037 -03:00][ 2068: 2068][info ] DoKrispInitialize
[2025-Dec-24 19:51:14.333 -03:00][ 2068: 2068][info ] LoadDynamicKrisp
[2025-Dec-24 19:51:14.333 -03:00][ 2068: 2068][info ] Did not find KRISP_DYLIB_PATH, skipping dynamic loading
[2025-Dec-24 19:51:14.333 -03:00][ 2068: 2068][info ] Initializing Krisp SDK in PID 2068, addr 0x7fb72676cf90
[2025-Dec-24 19:51:14.334 -03:00][ 2068: 2068][info ] Initialized Krisp SDK successfully
[2025-Dec-24 19:51:14.334 -03:00][ 2068: 2068][info ] Krisp SDK initialized
[2025-Dec-24 19:51:26.660 -03:00][ 2068: 2491][info ] KrispNCSetup: sampleRate = 48000, duration = 10
[2025-Dec-24 19:51:26.660 -03:00][ 2068: 2491][info ] Setting Krisp model: full_NC
[2025-Dec-24 19:51:26.697 -03:00][ 2068: 2491][info ] KrispVADSetup: sampleRate = 48000, duration = 10
[2025-Dec-24 20:07:07.977 -03:00][ 2040: 2040][info ] Logging initialized
[2025-Dec-24 20:07:07.977 -03:00][ 2040: 2040][info ] Initializing krisp SDK...
[2025-Dec-24 20:07:07.977 -03:00][ 2040: 2040][info ] DoKrispInitialize
[2025-Dec-24 20:07:08.288 -03:00][ 2040: 2040][info ] LoadDynamicKrisp
[2025-Dec-24 20:07:08.288 -03:00][ 2040: 2040][info ] Did not find KRISP_DYLIB_PATH, skipping dynamic loading
[2025-Dec-24 20:07:08.288 -03:00][ 2040: 2040][info ] Initializing Krisp SDK in PID 2040, addr 0x7f0c0f36cf90
[2025-Dec-24 20:07:08.288 -03:00][ 2040: 2040][info ] Initialized Krisp SDK successfully
[2025-Dec-24 20:07:08.288 -03:00][ 2040: 2040][info ] Krisp SDK initialized
[2025-Dec-24 20:07:13.958 -03:00][ 2040: 2492][info ] KrispNCSetup: sampleRate = 48000, duration = 10
[2025-Dec-24 20:07:13.958 -03:00][ 2040: 2492][info ] Setting Krisp model: full_NC
[2025-Dec-24 20:07:13.997 -03:00][ 2040: 2492][info ] KrispVADSetup: sampleRate = 48000, duration = 10
[2025-Dec-24 20:40:27.040 -03:00][ 2040: 2484][info ] KrispVADReset
[2025-Dec-24 20:41:16.777 -03:00][ 2066: 2066][info ] Logging initialized
[2025-Dec-24 20:41:16.777 -03:00][ 2066: 2066][info ] Initializing krisp SDK...
[2025-Dec-24 20:41:16.777 -03:00][ 2066: 2066][info ] DoKrispInitialize
[2025-Dec-24 20:41:17.094 -03:00][ 2066: 2066][info ] LoadDynamicKrisp
[2025-Dec-24 20:41:17.094 -03:00][ 2066: 2066][info ] Did not find KRISP_DYLIB_PATH, skipping dynamic loading
[2025-Dec-24 20:41:17.094 -03:00][ 2066: 2066][info ] Initializing Krisp SDK in PID 2066, addr 0x7e099046cf90
[2025-Dec-24 20:41:17.095 -03:00][ 2066: 2066][info ] Initialized Krisp SDK successfully
[2025-Dec-24 20:41:17.095 -03:00][ 2066: 2066][info ] Krisp SDK initialized
[2025-Dec-25 01:19:01.882 -03:00][ 2109: 2109][info ] Logging initialized
[2025-Dec-25 01:19:01.882 -03:00][ 2109: 2109][info ] Initializing krisp SDK...
[2025-Dec-25 01:19:01.882 -03:00][ 2109: 2109][info ] DoKrispInitialize
[2025-Dec-25 01:19:02.165 -03:00][ 2109: 2109][info ] LoadDynamicKrisp
[2025-Dec-25 01:19:02.165 -03:00][ 2109: 2109][info ] Did not find KRISP_DYLIB_PATH, skipping dynamic loading
[2025-Dec-25 01:19:02.165 -03:00][ 2109: 2109][info ] Initializing Krisp SDK in PID 2109, addr 0x7fb26836cf90
[2025-Dec-25 01:19:02.165 -03:00][ 2109: 2109][info ] Initialized Krisp SDK successfully
[2025-Dec-25 01:19:02.165 -03:00][ 2109: 2109][info ] Krisp SDK initialized
[2025-Dec-25 02:59:15.676 -03:00][ 2050: 2050][info ] Logging initialized
[2025-Dec-25 02:59:15.676 -03:00][ 2050: 2050][info ] Initializing krisp SDK...
[2025-Dec-25 02:59:15.676 -03:00][ 2050: 2050][info ] DoKrispInitialize
[2025-Dec-25 02:59:15.976 -03:00][ 2050: 2050][info ] LoadDynamicKrisp
[2025-Dec-25 02:59:15.976 -03:00][ 2050: 2050][info ] Did not find KRISP_DYLIB_PATH, skipping dynamic loading
[2025-Dec-25 02:59:15.976 -03:00][ 2050: 2050][info ] Initializing Krisp SDK in PID 2050, addr 0x7f680cc6cf90
[2025-Dec-25 02:59:15.976 -03:00][ 2050: 2050][info ] Initialized Krisp SDK successfully
[2025-Dec-25 02:59:15.976 -03:00][ 2050: 2050][info ] Krisp SDK initialized
[2025-Dec-25 03:18:39.554 -03:00][ 2055: 2055][info ] Logging initialized
[2025-Dec-25 03:18:39.554 -03:00][ 2055: 2055][info ] Initializing krisp SDK...
[2025-Dec-25 03:18:39.554 -03:00][ 2055: 2055][info ] DoKrispInitialize
[2025-Dec-25 03:18:39.895 -03:00][ 2055: 2055][info ] LoadDynamicKrisp
[2025-Dec-25 03:18:39.895 -03:00][ 2055: 2055][info ] Did not find KRISP_DYLIB_PATH, skipping dynamic loading
[2025-Dec-25 03:18:39.895 -03:00][ 2055: 2055][info ] Initializing Krisp SDK in PID 2055, addr 0x7f266fb6cf90
[2025-Dec-25 03:18:39.896 -03:00][ 2055: 2055][info ] Initialized Krisp SDK successfully
[2025-Dec-25 03:18:39.896 -03:00][ 2055: 2055][info ] Krisp SDK initialized
[2025-Dec-25 03:25:35.476 -03:00][ 2608: 2608][info ] Logging initialized
[2025-Dec-25 03:25:35.476 -03:00][ 2608: 2608][info ] Initializing krisp SDK...
[2025-Dec-25 03:25:35.476 -03:00][ 2608: 2608][info ] DoKrispInitialize
[2025-Dec-25 03:25:35.792 -03:00][ 2608: 2608][info ] LoadDynamicKrisp
[2025-Dec-25 03:25:35.792 -03:00][ 2608: 2608][info ] Did not find KRISP_DYLIB_PATH, skipping dynamic loading
[2025-Dec-25 03:25:35.792 -03:00][ 2608: 2608][info ] Initializing Krisp SDK in PID 2608, addr 0x7f29b8f6cf90
[2025-Dec-25 03:25:35.792 -03:00][ 2608: 2608][info ] Initialized Krisp SDK successfully
[2025-Dec-25 03:25:35.792 -03:00][ 2608: 2608][info ] Krisp SDK initialized
[2025-Dec-25 03:35:47.601 -03:00][ 2607: 2607][info ] Logging initialized
[2025-Dec-25 03:35:47.601 -03:00][ 2607: 2607][info ] Initializing krisp SDK...
[2025-Dec-25 03:35:47.601 -03:00][ 2607: 2607][info ] DoKrispInitialize
[2025-Dec-25 03:35:47.915 -03:00][ 2607: 2607][info ] LoadDynamicKrisp
[2025-Dec-25 03:35:47.915 -03:00][ 2607: 2607][info ] Did not find KRISP_DYLIB_PATH, skipping dynamic loading
[2025-Dec-25 03:35:47.915 -03:00][ 2607: 2607][info ] Initializing Krisp SDK in PID 2607, addr 0x7f6f86e6cf90
[2025-Dec-25 03:35:47.916 -03:00][ 2607: 2607][info ] Initialized Krisp SDK successfully
[2025-Dec-25 03:35:47.916 -03:00][ 2607: 2607][info ] Krisp SDK initialized
[2025-Dec-25 03:37:05.949 -03:00][ 2599: 2599][info ] Logging initialized
[2025-Dec-25 03:37:05.949 -03:00][ 2599: 2599][info ] Initializing krisp SDK...
[2025-Dec-25 03:37:05.949 -03:00][ 2599: 2599][info ] DoKrispInitialize
[2025-Dec-25 03:37:06.264 -03:00][ 2599: 2599][info ] LoadDynamicKrisp
[2025-Dec-25 03:37:06.264 -03:00][ 2599: 2599][info ] Did not find KRISP_DYLIB_PATH, skipping dynamic loading
[2025-Dec-25 03:37:06.264 -03:00][ 2599: 2599][info ] Initializing Krisp SDK in PID 2599, addr 0x7f67a496cf90
[2025-Dec-25 03:37:06.264 -03:00][ 2599: 2599][info ] Initialized Krisp SDK successfully
[2025-Dec-25 03:37:06.264 -03:00][ 2599: 2599][info ] Krisp SDK initialized
[2025-Dec-25 03:38:16.655 -03:00][ 2607: 2607][info ] Logging initialized
[2025-Dec-25 03:38:16.655 -03:00][ 2607: 2607][info ] Initializing krisp SDK...
[2025-Dec-25 03:38:16.655 -03:00][ 2607: 2607][info ] DoKrispInitialize
[2025-Dec-25 03:38:16.959 -03:00][ 2607: 2607][info ] LoadDynamicKrisp
[2025-Dec-25 03:38:16.959 -03:00][ 2607: 2607][info ] Did not find KRISP_DYLIB_PATH, skipping dynamic loading
[2025-Dec-25 03:38:16.959 -03:00][ 2607: 2607][info ] Initializing Krisp SDK in PID 2607, addr 0x7f6b0756cf90
[2025-Dec-25 03:38:16.959 -03:00][ 2607: 2607][info ] Initialized Krisp SDK successfully
[2025-Dec-25 03:38:16.959 -03:00][ 2607: 2607][info ] Krisp SDK initialized
[2025-Dec-25 03:40:26.745 -03:00][ 2605: 2605][info ] Logging initialized
[2025-Dec-25 03:40:26.745 -03:00][ 2605: 2605][info ] Initializing krisp SDK...
[2025-Dec-25 03:40:26.745 -03:00][ 2605: 2605][info ] DoKrispInitialize
[2025-Dec-25 03:40:27.061 -03:00][ 2605: 2605][info ] LoadDynamicKrisp
[2025-Dec-25 03:40:27.061 -03:00][ 2605: 2605][info ] Did not find KRISP_DYLIB_PATH, skipping dynamic loading
[2025-Dec-25 03:40:27.061 -03:00][ 2605: 2605][info ] Initializing Krisp SDK in PID 2605, addr 0x7f9115d5cf90
[2025-Dec-25 03:40:27.061 -03:00][ 2605: 2605][info ] Initialized Krisp SDK successfully
[2025-Dec-25 03:40:27.061 -03:00][ 2605: 2605][info ] Krisp SDK initialized
[2025-Dec-25 03:50:13.678 -03:00][ 2590: 2590][info ] Logging initialized
[2025-Dec-25 03:50:13.678 -03:00][ 2590: 2590][info ] Initializing krisp SDK...
[2025-Dec-25 03:50:13.678 -03:00][ 2590: 2590][info ] DoKrispInitialize
[2025-Dec-25 03:50:14.008 -03:00][ 2590: 2590][info ] LoadDynamicKrisp
[2025-Dec-25 03:50:14.008 -03:00][ 2590: 2590][info ] Did not find KRISP_DYLIB_PATH, skipping dynamic loading
[2025-Dec-25 03:50:14.008 -03:00][ 2590: 2590][info ] Initializing Krisp SDK in PID 2590, addr 0x7fa2d886cf90
[2025-Dec-25 03:50:14.009 -03:00][ 2590: 2590][info ] Initialized Krisp SDK successfully
[2025-Dec-25 03:50:14.009 -03:00][ 2590: 2590][info ] Krisp SDK initialized
[2025-Dec-25 04:00:09.095 -03:00][ 2606: 2606][info ] Logging initialized
[2025-Dec-25 04:00:09.095 -03:00][ 2606: 2606][info ] Initializing krisp SDK...
[2025-Dec-25 04:00:09.095 -03:00][ 2606: 2606][info ] DoKrispInitialize
[2025-Dec-25 04:00:09.411 -03:00][ 2606: 2606][info ] LoadDynamicKrisp
[2025-Dec-25 04:00:09.411 -03:00][ 2606: 2606][info ] Did not find KRISP_DYLIB_PATH, skipping dynamic loading
[2025-Dec-25 04:00:09.411 -03:00][ 2606: 2606][info ] Initializing Krisp SDK in PID 2606, addr 0x7fe558c6cf90
[2025-Dec-25 04:00:09.412 -03:00][ 2606: 2606][info ] Initialized Krisp SDK successfully
[2025-Dec-25 04:00:09.412 -03:00][ 2606: 2606][info ] Krisp SDK initialized
[2025-Dec-25 04:07:05.725 -03:00][ 2601: 2601][info ] Logging initialized
[2025-Dec-25 04:07:05.725 -03:00][ 2601: 2601][info ] Initializing krisp SDK...
[2025-Dec-25 04:07:05.725 -03:00][ 2601: 2601][info ] DoKrispInitialize
[2025-Dec-25 04:07:06.040 -03:00][ 2601: 2601][info ] LoadDynamicKrisp
[2025-Dec-25 04:07:06.040 -03:00][ 2601: 2601][info ] Did not find KRISP_DYLIB_PATH, skipping dynamic loading
[2025-Dec-25 04:07:06.040 -03:00][ 2601: 2601][info ] Initializing Krisp SDK in PID 2601, addr 0x7f231826cf90
[2025-Dec-25 04:07:06.040 -03:00][ 2601: 2601][info ] Initialized Krisp SDK successfully
[2025-Dec-25 04:07:06.040 -03:00][ 2601: 2601][info ] Krisp SDK initialized
[2025-Dec-25 04:09:43.743 -03:00][ 2597: 2597][info ] Logging initialized
[2025-Dec-25 04:09:43.743 -03:00][ 2597: 2597][info ] Initializing krisp SDK...
[2025-Dec-25 04:09:43.743 -03:00][ 2597: 2597][info ] DoKrispInitialize
[2025-Dec-25 04:09:44.057 -03:00][ 2597: 2597][info ] LoadDynamicKrisp
[2025-Dec-25 04:09:44.057 -03:00][ 2597: 2597][info ] Did not find KRISP_DYLIB_PATH, skipping dynamic loading
[2025-Dec-25 04:09:44.057 -03:00][ 2597: 2597][info ] Initializing Krisp SDK in PID 2597, addr 0x7f8a2426cf90
[2025-Dec-25 04:09:44.057 -03:00][ 2597: 2597][info ] Initialized Krisp SDK successfully
[2025-Dec-25 04:09:44.057 -03:00][ 2597: 2597][info ] Krisp SDK initialized
[2025-Dec-25 04:13:51.593 -03:00][ 2360: 2360][info ] Logging initialized
[2025-Dec-25 04:13:51.593 -03:00][ 2360: 2360][info ] Initializing krisp SDK...
[2025-Dec-25 04:13:51.593 -03:00][ 2360: 2360][info ] DoKrispInitialize
[2025-Dec-25 04:13:51.915 -03:00][ 2360: 2360][info ] LoadDynamicKrisp
[2025-Dec-25 04:13:51.915 -03:00][ 2360: 2360][info ] Did not find KRISP_DYLIB_PATH, skipping dynamic loading
[2025-Dec-25 04:13:51.915 -03:00][ 2360: 2360][info ] Initializing Krisp SDK in PID 2360, addr 0x7e612956cf90
[2025-Dec-25 04:13:51.916 -03:00][ 2360: 2360][info ] Initialized Krisp SDK successfully
[2025-Dec-25 04:13:51.916 -03:00][ 2360: 2360][info ] Krisp SDK initialized
[2025-Dec-25 13:56:32.836 -03:00][ 2415: 2415][info ] Logging initialized
[2025-Dec-25 13:56:32.836 -03:00][ 2415: 2415][info ] Initializing krisp SDK...
[2025-Dec-25 13:56:32.836 -03:00][ 2415: 2415][info ] DoKrispInitialize
[2025-Dec-25 13:56:33.116 -03:00][ 2415: 2415][info ] LoadDynamicKrisp
[2025-Dec-25 13:56:33.116 -03:00][ 2415: 2415][info ] Did not find KRISP_DYLIB_PATH, skipping dynamic loading
[2025-Dec-25 13:56:33.116 -03:00][ 2415: 2415][info ] Initializing Krisp SDK in PID 2415, addr 0x7faae1c6cf90
[2025-Dec-25 13:56:33.116 -03:00][ 2415: 2415][info ] Initialized Krisp SDK successfully
[2025-Dec-25 13:56:33.116 -03:00][ 2415: 2415][info ] Krisp SDK initialized
[2025-Dec-26 00:42:41.025 -03:00][ 2414: 2414][info ] Logging initialized
[2025-Dec-26 00:42:41.025 -03:00][ 2414: 2414][info ] Initializing krisp SDK...
[2025-Dec-26 00:42:41.025 -03:00][ 2414: 2414][info ] DoKrispInitialize
[2025-Dec-26 00:42:41.315 -03:00][ 2414: 2414][info ] LoadDynamicKrisp
[2025-Dec-26 00:42:41.315 -03:00][ 2414: 2414][info ] Did not find KRISP_DYLIB_PATH, skipping dynamic loading
[2025-Dec-26 00:42:41.315 -03:00][ 2414: 2414][info ] Initializing Krisp SDK in PID 2414, addr 0x7f612166cf90
[2025-Dec-26 00:42:41.316 -03:00][ 2414: 2414][info ] Initialized Krisp SDK successfully
[2025-Dec-26 00:42:41.316 -03:00][ 2414: 2414][info ] Krisp SDK initialized
[2025-Dec-26 10:08:26.766 -03:00][ 2391: 2391][info ] Logging initialized
[2025-Dec-26 10:08:26.766 -03:00][ 2391: 2391][info ] Initializing krisp SDK...
[2025-Dec-26 10:08:26.766 -03:00][ 2391: 2391][info ] DoKrispInitialize
[2025-Dec-26 10:08:27.045 -03:00][ 2391: 2391][info ] LoadDynamicKrisp
[2025-Dec-26 10:08:27.045 -03:00][ 2391: 2391][info ] Did not find KRISP_DYLIB_PATH, skipping dynamic loading
[2025-Dec-26 10:08:27.045 -03:00][ 2391: 2391][info ] Initializing Krisp SDK in PID 2391, addr 0x7f7113b6cf90
[2025-Dec-26 10:08:27.045 -03:00][ 2391: 2391][info ] Initialized Krisp SDK successfully
[2025-Dec-26 10:08:27.045 -03:00][ 2391: 2391][info ] Krisp SDK initialized
[2025-Dec-26 12:29:29.157 -03:00][ 2415: 2415][info ] Logging initialized
[2025-Dec-26 12:29:29.157 -03:00][ 2415: 2415][info ] Initializing krisp SDK...
[2025-Dec-26 12:29:29.157 -03:00][ 2415: 2415][info ] DoKrispInitialize
[2025-Dec-26 12:29:29.463 -03:00][ 2415: 2415][info ] LoadDynamicKrisp
[2025-Dec-26 12:29:29.463 -03:00][ 2415: 2415][info ] Did not find KRISP_DYLIB_PATH, skipping dynamic loading
[2025-Dec-26 12:29:29.463 -03:00][ 2415: 2415][info ] Initializing Krisp SDK in PID 2415, addr 0x7f18c8a6cf90
[2025-Dec-26 12:29:29.463 -03:00][ 2415: 2415][info ] Initialized Krisp SDK successfully
[2025-Dec-26 12:29:29.463 -03:00][ 2415: 2415][info ] Krisp SDK initialized
[2025-Dec-26 17:20:08.471 -03:00][ 2400: 2400][info ] Logging initialized
[2025-Dec-26 17:20:08.471 -03:00][ 2400: 2400][info ] Initializing krisp SDK...
[2025-Dec-26 17:20:08.471 -03:00][ 2400: 2400][info ] DoKrispInitialize
[2025-Dec-26 17:20:08.777 -03:00][ 2400: 2400][info ] LoadDynamicKrisp
[2025-Dec-26 17:20:08.777 -03:00][ 2400: 2400][info ] Did not find KRISP_DYLIB_PATH, skipping dynamic loading
[2025-Dec-26 17:20:08.777 -03:00][ 2400: 2400][info ] Initializing Krisp SDK in PID 2400, addr 0x7f0cc816cf90
[2025-Dec-26 17:20:08.778 -03:00][ 2400: 2400][info ] Initialized Krisp SDK successfully
[2025-Dec-26 17:20:08.778 -03:00][ 2400: 2400][info ] Krisp SDK initialized
[2025-Dec-26 17:55:17.067 -03:00][ 2344: 2344][info ] Logging initialized
[2025-Dec-26 17:55:17.067 -03:00][ 2344: 2344][info ] Initializing krisp SDK...
[2025-Dec-26 17:55:17.067 -03:00][ 2344: 2344][info ] DoKrispInitialize
[2025-Dec-26 17:55:17.391 -03:00][ 2344: 2344][info ] LoadDynamicKrisp
[2025-Dec-26 17:55:17.391 -03:00][ 2344: 2344][info ] Did not find KRISP_DYLIB_PATH, skipping dynamic loading
[2025-Dec-26 17:55:17.391 -03:00][ 2344: 2344][info ] Initializing Krisp SDK in PID 2344, addr 0x7feb7df6cf90
[2025-Dec-26 17:55:17.391 -03:00][ 2344: 2344][info ] Initialized Krisp SDK successfully
[2025-Dec-26 17:55:17.391 -03:00][ 2344: 2344][info ] Krisp SDK initialized
[2025-Dec-26 18:07:44.417 -03:00][ 2589: 2589][info ] Logging initialized
[2025-Dec-26 18:07:44.417 -03:00][ 2589: 2589][info ] Initializing krisp SDK...
[2025-Dec-26 18:07:44.417 -03:00][ 2589: 2589][info ] DoKrispInitialize
[2025-Dec-26 18:07:44.736 -03:00][ 2589: 2589][info ] LoadDynamicKrisp
[2025-Dec-26 18:07:44.736 -03:00][ 2589: 2589][info ] Did not find KRISP_DYLIB_PATH, skipping dynamic loading
[2025-Dec-26 18:07:44.736 -03:00][ 2589: 2589][info ] Initializing Krisp SDK in PID 2589, addr 0x7f57b2e6cf90
[2025-Dec-26 18:07:44.737 -03:00][ 2589: 2589][info ] Initialized Krisp SDK successfully
[2025-Dec-26 18:07:44.737 -03:00][ 2589: 2589][info ] Krisp SDK initialized
[2025-Dec-26 18:55:00.640 -03:00][ 2395: 2395][info ] Logging initialized
[2025-Dec-26 18:55:00.640 -03:00][ 2395: 2395][info ] Initializing krisp SDK...
[2025-Dec-26 18:55:00.640 -03:00][ 2395: 2395][info ] DoKrispInitialize
[2025-Dec-26 18:55:00.937 -03:00][ 2395: 2395][info ] LoadDynamicKrisp
[2025-Dec-26 18:55:00.937 -03:00][ 2395: 2395][info ] Did not find KRISP_DYLIB_PATH, skipping dynamic loading
[2025-Dec-26 18:55:00.937 -03:00][ 2395: 2395][info ] Initializing Krisp SDK in PID 2395, addr 0x7f72bb96cf90
[2025-Dec-26 18:55:00.938 -03:00][ 2395: 2395][info ] Initialized Krisp SDK successfully
[2025-Dec-26 18:55:00.938 -03:00][ 2395: 2395][info ] Krisp SDK initialized
[2025-Dec-26 19:57:26.127 -03:00][ 2562: 2562][info ] Logging initialized
[2025-Dec-26 19:57:26.127 -03:00][ 2562: 2562][info ] Initializing krisp SDK...
[2025-Dec-26 19:57:26.127 -03:00][ 2562: 2562][info ] DoKrispInitialize
[2025-Dec-26 19:57:26.419 -03:00][ 2562: 2562][info ] LoadDynamicKrisp
[2025-Dec-26 19:57:26.419 -03:00][ 2562: 2562][info ] Did not find KRISP_DYLIB_PATH, skipping dynamic loading
[2025-Dec-26 19:57:26.419 -03:00][ 2562: 2562][info ] Initializing Krisp SDK in PID 2562, addr 0x7fee9656cf90
[2025-Dec-26 19:57:26.419 -03:00][ 2562: 2562][info ] Initialized Krisp SDK successfully
[2025-Dec-26 19:57:26.419 -03:00][ 2562: 2562][info ] Krisp SDK initialized
[2025-Dec-26 20:07:05.341 -03:00][ 2543: 2543][info ] Logging initialized
[2025-Dec-26 20:07:05.341 -03:00][ 2543: 2543][info ] Initializing krisp SDK...
[2025-Dec-26 20:07:05.341 -03:00][ 2543: 2543][info ] DoKrispInitialize
[2025-Dec-26 20:07:05.638 -03:00][ 2543: 2543][info ] LoadDynamicKrisp
[2025-Dec-26 20:07:05.638 -03:00][ 2543: 2543][info ] Did not find KRISP_DYLIB_PATH, skipping dynamic loading
[2025-Dec-26 20:07:05.638 -03:00][ 2543: 2543][info ] Initializing Krisp SDK in PID 2543, addr 0x7f8db0b6cf90
[2025-Dec-26 20:07:05.638 -03:00][ 2543: 2543][info ] Initialized Krisp SDK successfully
[2025-Dec-26 20:07:05.638 -03:00][ 2543: 2543][info ] Krisp SDK initialized
[2025-Dec-26 20:22:14.288 -03:00][ 2586: 2586][info ] Logging initialized
[2025-Dec-26 20:22:14.288 -03:00][ 2586: 2586][info ] Initializing krisp SDK...
[2025-Dec-26 20:22:14.288 -03:00][ 2586: 2586][info ] DoKrispInitialize
[2025-Dec-26 20:22:14.585 -03:00][ 2586: 2586][info ] LoadDynamicKrisp
[2025-Dec-26 20:22:14.585 -03:00][ 2586: 2586][info ] Did not find KRISP_DYLIB_PATH, skipping dynamic loading
[2025-Dec-26 20:22:14.585 -03:00][ 2586: 2586][info ] Initializing Krisp SDK in PID 2586, addr 0x7f0840d6cf90
[2025-Dec-26 20:22:14.585 -03:00][ 2586: 2586][info ] Initialized Krisp SDK successfully
[2025-Dec-26 20:22:14.585 -03:00][ 2586: 2586][info ] Krisp SDK initialized
[2025-Dec-26 20:25:41.407 -03:00][ 2590: 2590][info ] Logging initialized
[2025-Dec-26 20:25:41.407 -03:00][ 2590: 2590][info ] Initializing krisp SDK...
[2025-Dec-26 20:25:41.407 -03:00][ 2590: 2590][info ] DoKrispInitialize
[2025-Dec-26 20:25:41.705 -03:00][ 2590: 2590][info ] LoadDynamicKrisp
[2025-Dec-26 20:25:41.705 -03:00][ 2590: 2590][info ] Did not find KRISP_DYLIB_PATH, skipping dynamic loading
[2025-Dec-26 20:25:41.705 -03:00][ 2590: 2590][info ] Initializing Krisp SDK in PID 2590, addr 0x7f3ebeb6cf90
[2025-Dec-26 20:25:41.706 -03:00][ 2590: 2590][info ] Initialized Krisp SDK successfully
[2025-Dec-26 20:25:41.706 -03:00][ 2590: 2590][info ] Krisp SDK initialized
[2025-Dec-26 20:35:54.781 -03:00][ 2535: 2535][info ] Logging initialized
[2025-Dec-26 20:35:54.781 -03:00][ 2535: 2535][info ] Initializing krisp SDK...
[2025-Dec-26 20:35:54.781 -03:00][ 2535: 2535][info ] DoKrispInitialize
[2025-Dec-26 20:35:55.085 -03:00][ 2535: 2535][info ] LoadDynamicKrisp
[2025-Dec-26 20:35:55.085 -03:00][ 2535: 2535][info ] Did not find KRISP_DYLIB_PATH, skipping dynamic loading
[2025-Dec-26 20:35:55.085 -03:00][ 2535: 2535][info ] Initializing Krisp SDK in PID 2535, addr 0x7f377ff6cf90
[2025-Dec-26 20:35:55.085 -03:00][ 2535: 2535][info ] Initialized Krisp SDK successfully
[2025-Dec-26 20:35:55.085 -03:00][ 2535: 2535][info ] Krisp SDK initialized
[2025-Dec-26 20:38:32.723 -03:00][ 2543: 2543][info ] Logging initialized
[2025-Dec-26 20:38:32.723 -03:00][ 2543: 2543][info ] Initializing krisp SDK...
[2025-Dec-26 20:38:32.723 -03:00][ 2543: 2543][info ] DoKrispInitialize
[2025-Dec-26 20:38:33.019 -03:00][ 2543: 2543][info ] LoadDynamicKrisp
[2025-Dec-26 20:38:33.019 -03:00][ 2543: 2543][info ] Did not find KRISP_DYLIB_PATH, skipping dynamic loading
[2025-Dec-26 20:38:33.019 -03:00][ 2543: 2543][info ] Initializing Krisp SDK in PID 2543, addr 0x7fdcbdf6cf90
[2025-Dec-26 20:38:33.019 -03:00][ 2543: 2543][info ] Initialized Krisp SDK successfully
[2025-Dec-26 20:38:33.019 -03:00][ 2543: 2543][info ] Krisp SDK initialized
[2025-Dec-26 21:06:30.509 -03:00][ 2024: 2024][info ] Logging initialized
[2025-Dec-26 21:06:30.509 -03:00][ 2024: 2024][info ] Initializing krisp SDK...
[2025-Dec-26 21:06:30.509 -03:00][ 2024: 2024][info ] DoKrispInitialize
[2025-Dec-26 21:06:30.789 -03:00][ 2024: 2024][info ] LoadDynamicKrisp
[2025-Dec-26 21:06:30.789 -03:00][ 2024: 2024][info ] Did not find KRISP_DYLIB_PATH, skipping dynamic loading
[2025-Dec-26 21:06:30.789 -03:00][ 2024: 2024][info ] Initializing Krisp SDK in PID 2024, addr 0x7f86fcc6cf90
[2025-Dec-26 21:06:30.789 -03:00][ 2024: 2024][info ] Initialized Krisp SDK successfully
[2025-Dec-26 21:06:30.789 -03:00][ 2024: 2024][info ] Krisp SDK initialized
[2025-Dec-26 21:08:26.226 -03:00][ 2044: 2044][info ] Logging initialized
[2025-Dec-26 21:08:26.226 -03:00][ 2044: 2044][info ] Initializing krisp SDK...
[2025-Dec-26 21:08:26.226 -03:00][ 2044: 2044][info ] DoKrispInitialize
[2025-Dec-26 21:08:26.539 -03:00][ 2044: 2044][info ] LoadDynamicKrisp
[2025-Dec-26 21:08:26.539 -03:00][ 2044: 2044][info ] Did not find KRISP_DYLIB_PATH, skipping dynamic loading
[2025-Dec-26 21:08:26.539 -03:00][ 2044: 2044][info ] Initializing Krisp SDK in PID 2044, addr 0x7fcfffc6cf90
[2025-Dec-26 21:08:26.540 -03:00][ 2044: 2044][info ] Initialized Krisp SDK successfully
[2025-Dec-26 21:08:26.540 -03:00][ 2044: 2044][info ] Krisp SDK initialized
[2025-Dec-26 21:17:39.670 -03:00][ 2487: 2487][info ] Logging initialized
[2025-Dec-26 21:17:39.670 -03:00][ 2487: 2487][info ] Initializing krisp SDK...
[2025-Dec-26 21:17:39.670 -03:00][ 2487: 2487][info ] DoKrispInitialize
[2025-Dec-26 21:17:39.960 -03:00][ 2487: 2487][info ] LoadDynamicKrisp
[2025-Dec-26 21:17:39.960 -03:00][ 2487: 2487][info ] Did not find KRISP_DYLIB_PATH, skipping dynamic loading
[2025-Dec-26 21:17:39.960 -03:00][ 2487: 2487][info ] Initializing Krisp SDK in PID 2487, addr 0x7f5e9376cf90
[2025-Dec-26 21:17:39.960 -03:00][ 2487: 2487][info ] Initialized Krisp SDK successfully
[2025-Dec-26 21:17:39.960 -03:00][ 2487: 2487][info ] Krisp SDK initialized
[2025-Dec-26 21:31:18.828 -03:00][ 2514: 2514][info ] Logging initialized
[2025-Dec-26 21:31:18.828 -03:00][ 2514: 2514][info ] Initializing krisp SDK...
[2025-Dec-26 21:31:18.828 -03:00][ 2514: 2514][info ] DoKrispInitialize
[2025-Dec-26 21:31:19.132 -03:00][ 2514: 2514][info ] LoadDynamicKrisp
[2025-Dec-26 21:31:19.132 -03:00][ 2514: 2514][info ] Did not find KRISP_DYLIB_PATH, skipping dynamic loading
[2025-Dec-26 21:31:19.132 -03:00][ 2514: 2514][info ] Initializing Krisp SDK in PID 2514, addr 0x7f0a1686cf90
[2025-Dec-26 21:31:19.132 -03:00][ 2514: 2514][info ] Initialized Krisp SDK successfully
[2025-Dec-26 21:31:19.132 -03:00][ 2514: 2514][info ] Krisp SDK initialized
[2025-Dec-26 21:57:29.770 -03:00][ 2500: 2500][info ] Logging initialized
[2025-Dec-26 21:57:29.770 -03:00][ 2500: 2500][info ] Initializing krisp SDK...
[2025-Dec-26 21:57:29.770 -03:00][ 2500: 2500][info ] DoKrispInitialize
[2025-Dec-26 21:57:30.070 -03:00][ 2500: 2500][info ] LoadDynamicKrisp
[2025-Dec-26 21:57:30.070 -03:00][ 2500: 2500][info ] Did not find KRISP_DYLIB_PATH, skipping dynamic loading
[2025-Dec-26 21:57:30.070 -03:00][ 2500: 2500][info ] Initializing Krisp SDK in PID 2500, addr 0x7fa4ee16cf90
[2025-Dec-26 21:57:30.070 -03:00][ 2500: 2500][info ] Initialized Krisp SDK successfully
[2025-Dec-26 21:57:30.070 -03:00][ 2500: 2500][info ] Krisp SDK initialized
[2025-Dec-26 22:12:07.035 -03:00][ 2534: 2534][info ] Logging initialized
[2025-Dec-26 22:12:07.035 -03:00][ 2534: 2534][info ] Initializing krisp SDK...
[2025-Dec-26 22:12:07.035 -03:00][ 2534: 2534][info ] DoKrispInitialize
[2025-Dec-26 22:12:07.320 -03:00][ 2534: 2534][info ] LoadDynamicKrisp
[2025-Dec-26 22:12:07.320 -03:00][ 2534: 2534][info ] Did not find KRISP_DYLIB_PATH, skipping dynamic loading
[2025-Dec-26 22:12:07.320 -03:00][ 2534: 2534][info ] Initializing Krisp SDK in PID 2534, addr 0x7db27dd6cf90
[2025-Dec-26 22:12:07.320 -03:00][ 2534: 2534][info ] Initialized Krisp SDK successfully
[2025-Dec-26 22:12:07.320 -03:00][ 2534: 2534][info ] Krisp SDK initialized
[2025-Dec-26 22:21:45.198 -03:00][ 2540: 2540][info ] Logging initialized
[2025-Dec-26 22:21:45.198 -03:00][ 2540: 2540][info ] Initializing krisp SDK...
[2025-Dec-26 22:21:45.198 -03:00][ 2540: 2540][info ] DoKrispInitialize
[2025-Dec-26 22:21:45.510 -03:00][ 2540: 2540][info ] LoadDynamicKrisp
[2025-Dec-26 22:21:45.510 -03:00][ 2540: 2540][info ] Did not find KRISP_DYLIB_PATH, skipping dynamic loading
[2025-Dec-26 22:21:45.510 -03:00][ 2540: 2540][info ] Initializing Krisp SDK in PID 2540, addr 0x7dfc48a6cf90
[2025-Dec-26 22:21:45.511 -03:00][ 2540: 2540][info ] Initialized Krisp SDK successfully
[2025-Dec-26 22:21:45.511 -03:00][ 2540: 2540][info ] Krisp SDK initialized
